2019-02-25 12:28:40,924 0      [ost-startStop-1] INFO  work.web.context.ContextLoader  - Root WebApplicationContext: initialization started
2019-02-25 12:28:40,953 29     [ost-startStop-1] INFO  pport.XmlWebApplicationContext  - Refreshing Root WebApplicationContext: startup date [Mon Feb 25 12:28:40 CST 2019]; root of context hierarchy
2019-02-25 12:28:40,976 52     [ost-startStop-1] INFO  ry.xml.XmlBeanDefinitionReader  - Loading XML bean definitions from URL [file:/Users/tianhaolin1991/IdeaProjects/ssm_super/ssm_web/target/classes/applicationContext-web.xml]
2019-02-25 12:28:41,028 104    [ost-startStop-1] INFO  ry.xml.XmlBeanDefinitionReader  - Loading XML bean definitions from URL [file:/Users/tianhaolin1991/IdeaProjects/ssm_super/ssm_service/target/classes/applicationContext-service.xml]
2019-02-25 12:28:41,050 126    [ost-startStop-1] INFO  ry.xml.XmlBeanDefinitionReader  - Loading XML bean definitions from URL [file:/Users/tianhaolin1991/IdeaProjects/ssm_super/ssm_dao/target/classes/applicationContext-dao.xml]
2019-02-25 12:28:41,060 136    [ost-startStop-1] INFO  ry.xml.XmlBeanDefinitionReader  - Loading XML bean definitions from class path resource [applicationContext-domain.xml]
2019-02-25 12:28:41,321 397    [ost-startStop-1] INFO  redAnnotationBeanPostProcessor  - JSR-330 'javax.inject.Inject' annotation found and supported for autowiring
2019-02-25 12:28:41,483 559    [ost-startStop-1] INFO         com.mchange.v2.log.MLog  - MLog clients using log4j logging.
2019-02-25 12:28:41,671 747    [ost-startStop-1] INFO  m.mchange.v2.c3p0.C3P0Registry  - Initializing c3p0-0.9.1.2 [built 21-May-2007 15:04:56; debug? true; trace: 10]
2019-02-25 12:28:41,999 1075   [ost-startStop-1] INFO  work.web.context.ContextLoader  - Root WebApplicationContext: initialization completed in 1075 ms
2019-02-25 12:28:42,030 1106   [ost-startStop-1] INFO  .web.servlet.DispatcherServlet  - FrameworkServlet 'dispatcherServlet': initialization started
2019-02-25 12:28:42,032 1108   [ost-startStop-1] INFO  pport.XmlWebApplicationContext  - Refreshing WebApplicationContext for namespace 'dispatcherServlet-servlet': startup date [Mon Feb 25 12:28:42 CST 2019]; parent: Root WebApplicationContext
2019-02-25 12:28:42,032 1108   [ost-startStop-1] INFO  ry.xml.XmlBeanDefinitionReader  - Loading XML bean definitions from URL [file:/Users/tianhaolin1991/IdeaProjects/ssm_super/ssm_web/target/classes/springmvc.xml]
2019-02-25 12:28:42,101 1177   [ost-startStop-1] INFO  redAnnotationBeanPostProcessor  - JSR-330 'javax.inject.Inject' annotation found and supported for autowiring
2019-02-25 12:28:42,224 1300   [ost-startStop-1] INFO  andler.SimpleUrlHandlerMapping  - Mapped URL path [/css/**] onto handler 'org.springframework.web.servlet.resource.ResourceHttpRequestHandler#0'
2019-02-25 12:28:42,240 1316   [ost-startStop-1] INFO  andler.SimpleUrlHandlerMapping  - Mapped URL path [/js/**] onto handler 'org.springframework.web.servlet.resource.ResourceHttpRequestHandler#1'
2019-02-25 12:28:42,244 1320   [ost-startStop-1] INFO  andler.SimpleUrlHandlerMapping  - Mapped URL path [/img/**] onto handler 'org.springframework.web.servlet.resource.ResourceHttpRequestHandler#2'
2019-02-25 12:28:42,248 1324   [ost-startStop-1] INFO  andler.SimpleUrlHandlerMapping  - Mapped URL path [/plugins/**] onto handler 'org.springframework.web.servlet.resource.ResourceHttpRequestHandler#3'
2019-02-25 12:28:42,281 1357   [ost-startStop-1] INFO  n.RequestMappingHandlerMapping  - Mapped "{[/product/add.do]}" onto public java.lang.String cn.itcast.controller.ProductController.add(cn.itcast.domain.Product)
2019-02-25 12:28:42,282 1358   [ost-startStop-1] INFO  n.RequestMappingHandlerMapping  - Mapped "{[/product/findAll.do]}" onto public org.springframework.web.servlet.ModelAndView cn.itcast.controller.ProductController.findAll(java.lang.Integer,java.lang.Integer)
2019-02-25 12:28:42,282 1358   [ost-startStop-1] INFO  n.RequestMappingHandlerMapping  - Mapped "{[/product/forwardAdd.do]}" onto public java.lang.String cn.itcast.controller.ProductController.forwardAdd()
2019-02-25 12:28:42,505 1581   [ost-startStop-1] INFO  n.RequestMappingHandlerAdapter  - Looking for @ControllerAdvice: WebApplicationContext for namespace 'dispatcherServlet-servlet': startup date [Mon Feb 25 12:28:42 CST 2019]; parent: Root WebApplicationContext
2019-02-25 12:28:42,547 1623   [ost-startStop-1] INFO  n.RequestMappingHandlerAdapter  - Looking for @ControllerAdvice: WebApplicationContext for namespace 'dispatcherServlet-servlet': startup date [Mon Feb 25 12:28:42 CST 2019]; parent: Root WebApplicationContext
2019-02-25 12:28:42,617 1693   [ost-startStop-1] INFO  .web.servlet.DispatcherServlet  - FrameworkServlet 'dispatcherServlet': initialization completed in 587 ms
2019-02-25 12:28:57,021 16097  [bio-8080-exec-3] INFO  l.AbstractPoolBackedDataSource  - Initializing c3p0 pool... com.mchange.v2.c3p0.ComboPooledDataSource [ acquireIncrement -> 3, acquireRetryAttempts -> 30, acquireRetryDelay -> 1000, autoCommitOnClose -> false, automaticTestTable -> null, breakAfterAcquireFailure -> false, checkoutTimeout -> 0, connectionCustomizerClassName -> null, connectionTesterClassName -> com.mchange.v2.c3p0.impl.DefaultConnectionTester, dataSourceName -> 1hge7epa19oq6gx1m6yyxr|7e954bea, debugUnreturnedConnectionStackTraces -> false, description -> null, driverClass -> oracle.jdbc.driver.OracleDriver, factoryClassLocation -> null, forceIgnoreUnresolvedTransactions -> false, identityToken -> 1hge7epa19oq6gx1m6yyxr|7e954bea, idleConnectionTestPeriod -> 0, initialPoolSize -> 3, jdbcUrl -> jdbc:oracle:thin:@192.168.12.222:1521:orcl, maxAdministrativeTaskTime -> 0, maxConnectionAge -> 0, maxIdleTime -> 0, maxIdleTimeExcessConnections -> 0, maxPoolSize -> 15, maxStatements -> 0, maxStatementsPerConnection -> 0, minPoolSize -> 3, numHelperThreads -> 3, numThreadsAwaitingCheckoutDefaultUser -> 0, preferredTestQuery -> null, properties -> {user=******, password=******}, propertyCycle -> 0, testConnectionOnCheckin -> false, testConnectionOnCheckout -> false, unreturnedConnectionTimeout -> 0, usesTraditionalReflectiveProxies -> false ]
2019-02-25 12:30:21,984 0      [ost-startStop-1] INFO  work.web.context.ContextLoader  - Root WebApplicationContext: initialization started
2019-02-25 12:30:22,030 46     [ost-startStop-1] INFO  pport.XmlWebApplicationContext  - Refreshing Root WebApplicationContext: startup date [Mon Feb 25 12:30:22 CST 2019]; root of context hierarchy
2019-02-25 12:30:22,069 85     [ost-startStop-1] INFO  ry.xml.XmlBeanDefinitionReader  - Loading XML bean definitions from URL [file:/Users/tianhaolin1991/IdeaProjects/ssm_super/ssm_web/target/classes/applicationContext-web.xml]
2019-02-25 12:30:22,156 172    [ost-startStop-1] INFO  ry.xml.XmlBeanDefinitionReader  - Loading XML bean definitions from URL [file:/Users/tianhaolin1991/IdeaProjects/ssm_super/ssm_service/target/classes/applicationContext-service.xml]
2019-02-25 12:30:22,189 205    [ost-startStop-1] INFO  ry.xml.XmlBeanDefinitionReader  - Loading XML bean definitions from URL [file:/Users/tianhaolin1991/IdeaProjects/ssm_super/ssm_dao/target/classes/applicationContext-dao.xml]
2019-02-25 12:30:22,211 227    [ost-startStop-1] INFO  ry.xml.XmlBeanDefinitionReader  - Loading XML bean definitions from class path resource [applicationContext-domain.xml]
2019-02-25 12:30:22,540 556    [ost-startStop-1] INFO  redAnnotationBeanPostProcessor  - JSR-330 'javax.inject.Inject' annotation found and supported for autowiring
2019-02-25 12:30:22,811 827    [ost-startStop-1] INFO         com.mchange.v2.log.MLog  - MLog clients using log4j logging.
2019-02-25 12:30:22,911 927    [ost-startStop-1] INFO  m.mchange.v2.c3p0.C3P0Registry  - Initializing c3p0-0.9.1.2 [built 21-May-2007 15:04:56; debug? true; trace: 10]
2019-02-25 12:30:23,432 1448   [ost-startStop-1] INFO  work.web.context.ContextLoader  - Root WebApplicationContext: initialization completed in 1447 ms
2019-02-25 12:30:23,500 1516   [ost-startStop-1] INFO  .web.servlet.DispatcherServlet  - FrameworkServlet 'dispatcherServlet': initialization started
2019-02-25 12:30:23,504 1520   [ost-startStop-1] INFO  pport.XmlWebApplicationContext  - Refreshing WebApplicationContext for namespace 'dispatcherServlet-servlet': startup date [Mon Feb 25 12:30:23 CST 2019]; parent: Root WebApplicationContext
2019-02-25 12:30:23,504 1520   [ost-startStop-1] INFO  ry.xml.XmlBeanDefinitionReader  - Loading XML bean definitions from URL [file:/Users/tianhaolin1991/IdeaProjects/ssm_super/ssm_web/target/classes/springmvc.xml]
2019-02-25 12:30:23,624 1640   [ost-startStop-1] INFO  redAnnotationBeanPostProcessor  - JSR-330 'javax.inject.Inject' annotation found and supported for autowiring
2019-02-25 12:30:23,887 1903   [ost-startStop-1] INFO  andler.SimpleUrlHandlerMapping  - Mapped URL path [/css/**] onto handler 'org.springframework.web.servlet.resource.ResourceHttpRequestHandler#0'
2019-02-25 12:30:23,911 1927   [ost-startStop-1] INFO  andler.SimpleUrlHandlerMapping  - Mapped URL path [/js/**] onto handler 'org.springframework.web.servlet.resource.ResourceHttpRequestHandler#1'
2019-02-25 12:30:23,914 1930   [ost-startStop-1] INFO  andler.SimpleUrlHandlerMapping  - Mapped URL path [/img/**] onto handler 'org.springframework.web.servlet.resource.ResourceHttpRequestHandler#2'
2019-02-25 12:30:23,917 1933   [ost-startStop-1] INFO  andler.SimpleUrlHandlerMapping  - Mapped URL path [/plugins/**] onto handler 'org.springframework.web.servlet.resource.ResourceHttpRequestHandler#3'
2019-02-25 12:30:23,974 1990   [ost-startStop-1] INFO  n.RequestMappingHandlerMapping  - Mapped "{[/product/add.do]}" onto public java.lang.String cn.itcast.controller.ProductController.add(cn.itcast.domain.Product)
2019-02-25 12:30:23,975 1991   [ost-startStop-1] INFO  n.RequestMappingHandlerMapping  - Mapped "{[/product/findAll.do]}" onto public org.springframework.web.servlet.ModelAndView cn.itcast.controller.ProductController.findAll(java.lang.Integer,java.lang.Integer)
2019-02-25 12:30:23,976 1992   [ost-startStop-1] INFO  n.RequestMappingHandlerMapping  - Mapped "{[/product/forwardAdd.do]}" onto public java.lang.String cn.itcast.controller.ProductController.forwardAdd()
2019-02-25 12:30:24,307 2323   [ost-startStop-1] INFO  n.RequestMappingHandlerAdapter  - Looking for @ControllerAdvice: WebApplicationContext for namespace 'dispatcherServlet-servlet': startup date [Mon Feb 25 12:30:23 CST 2019]; parent: Root WebApplicationContext
2019-02-25 12:30:24,365 2381   [ost-startStop-1] INFO  n.RequestMappingHandlerAdapter  - Looking for @ControllerAdvice: WebApplicationContext for namespace 'dispatcherServlet-servlet': startup date [Mon Feb 25 12:30:23 CST 2019]; parent: Root WebApplicationContext
2019-02-25 12:30:24,502 2518   [ost-startStop-1] INFO  .web.servlet.DispatcherServlet  - FrameworkServlet 'dispatcherServlet': initialization completed in 1001 ms
2019-02-25 12:30:48,214 26230  [bio-8080-exec-1] INFO  l.AbstractPoolBackedDataSource  - Initializing c3p0 pool... com.mchange.v2.c3p0.ComboPooledDataSource [ acquireIncrement -> 3, acquireRetryAttempts -> 30, acquireRetryDelay -> 1000, autoCommitOnClose -> false, automaticTestTable -> null, breakAfterAcquireFailure -> false, checkoutTimeout -> 0, connectionCustomizerClassName -> null, connectionTesterClassName -> com.mchange.v2.c3p0.impl.DefaultConnectionTester, dataSourceName -> 1hge7epa19oscj615f7pez|781f9d1e, debugUnreturnedConnectionStackTraces -> false, description -> null, driverClass -> oracle.jdbc.driver.OracleDriver, factoryClassLocation -> null, forceIgnoreUnresolvedTransactions -> false, identityToken -> 1hge7epa19oscj615f7pez|781f9d1e, idleConnectionTestPeriod -> 0, initialPoolSize -> 3, jdbcUrl -> jdbc:oracle:thin:@192.168.12.222:1521:orcl, maxAdministrativeTaskTime -> 0, maxConnectionAge -> 0, maxIdleTime -> 0, maxIdleTimeExcessConnections -> 0, maxPoolSize -> 15, maxStatements -> 0, maxStatementsPerConnection -> 0, minPoolSize -> 3, numHelperThreads -> 3, numThreadsAwaitingCheckoutDefaultUser -> 0, preferredTestQuery -> null, properties -> {user=******, password=******}, propertyCycle -> 0, testConnectionOnCheckin -> false, testConnectionOnCheckout -> false, unreturnedConnectionTimeout -> 0, usesTraditionalReflectiveProxies -> false ]
2019-02-25 13:33:52,182 0      [ost-startStop-1] INFO  work.web.context.ContextLoader  - Root WebApplicationContext: initialization started
2019-02-25 13:33:52,218 36     [ost-startStop-1] INFO  pport.XmlWebApplicationContext  - Refreshing Root WebApplicationContext: startup date [Mon Feb 25 13:33:52 CST 2019]; root of context hierarchy
2019-02-25 13:33:52,245 63     [ost-startStop-1] INFO  ry.xml.XmlBeanDefinitionReader  - Loading XML bean definitions from URL [file:/Users/tianhaolin1991/IdeaProjects/ssm_super/ssm_web/target/classes/applicationContext-web.xml]
2019-02-25 13:33:52,311 129    [ost-startStop-1] INFO  ry.xml.XmlBeanDefinitionReader  - Loading XML bean definitions from URL [file:/Users/tianhaolin1991/IdeaProjects/ssm_super/ssm_service/target/classes/applicationContext-service.xml]
2019-02-25 13:33:52,337 155    [ost-startStop-1] INFO  ry.xml.XmlBeanDefinitionReader  - Loading XML bean definitions from URL [file:/Users/tianhaolin1991/IdeaProjects/ssm_super/ssm_dao/target/classes/applicationContext-dao.xml]
2019-02-25 13:33:52,352 170    [ost-startStop-1] INFO  ry.xml.XmlBeanDefinitionReader  - Loading XML bean definitions from class path resource [applicationContext-domain.xml]
2019-02-25 13:33:52,631 449    [ost-startStop-1] INFO  redAnnotationBeanPostProcessor  - JSR-330 'javax.inject.Inject' annotation found and supported for autowiring
2019-02-25 13:33:52,793 611    [ost-startStop-1] INFO         com.mchange.v2.log.MLog  - MLog clients using log4j logging.
2019-02-25 13:33:53,022 840    [ost-startStop-1] INFO  m.mchange.v2.c3p0.C3P0Registry  - Initializing c3p0-0.9.1.2 [built 21-May-2007 15:04:56; debug? true; trace: 10]
2019-02-25 13:33:53,360 1178   [ost-startStop-1] INFO  work.web.context.ContextLoader  - Root WebApplicationContext: initialization completed in 1178 ms
2019-02-25 13:33:53,401 1219   [ost-startStop-1] INFO  .web.servlet.DispatcherServlet  - FrameworkServlet 'dispatcherServlet': initialization started
2019-02-25 13:33:53,403 1221   [ost-startStop-1] INFO  pport.XmlWebApplicationContext  - Refreshing WebApplicationContext for namespace 'dispatcherServlet-servlet': startup date [Mon Feb 25 13:33:53 CST 2019]; parent: Root WebApplicationContext
2019-02-25 13:33:53,404 1222   [ost-startStop-1] INFO  ry.xml.XmlBeanDefinitionReader  - Loading XML bean definitions from URL [file:/Users/tianhaolin1991/IdeaProjects/ssm_super/ssm_web/target/classes/springmvc.xml]
2019-02-25 13:33:53,499 1317   [ost-startStop-1] INFO  redAnnotationBeanPostProcessor  - JSR-330 'javax.inject.Inject' annotation found and supported for autowiring
2019-02-25 13:33:53,639 1457   [ost-startStop-1] INFO  andler.SimpleUrlHandlerMapping  - Mapped URL path [/css/**] onto handler 'org.springframework.web.servlet.resource.ResourceHttpRequestHandler#0'
2019-02-25 13:33:53,654 1472   [ost-startStop-1] INFO  andler.SimpleUrlHandlerMapping  - Mapped URL path [/js/**] onto handler 'org.springframework.web.servlet.resource.ResourceHttpRequestHandler#1'
2019-02-25 13:33:53,657 1475   [ost-startStop-1] INFO  andler.SimpleUrlHandlerMapping  - Mapped URL path [/img/**] onto handler 'org.springframework.web.servlet.resource.ResourceHttpRequestHandler#2'
2019-02-25 13:33:53,660 1478   [ost-startStop-1] INFO  andler.SimpleUrlHandlerMapping  - Mapped URL path [/plugins/**] onto handler 'org.springframework.web.servlet.resource.ResourceHttpRequestHandler#3'
2019-02-25 13:33:53,693 1511   [ost-startStop-1] INFO  n.RequestMappingHandlerMapping  - Mapped "{[/product/add.do]}" onto public java.lang.String cn.itcast.controller.ProductController.add(cn.itcast.domain.Product)
2019-02-25 13:33:53,694 1512   [ost-startStop-1] INFO  n.RequestMappingHandlerMapping  - Mapped "{[/product/findAll.do]}" onto public org.springframework.web.servlet.ModelAndView cn.itcast.controller.ProductController.findAll(java.lang.Integer,java.lang.Integer)
2019-02-25 13:33:53,694 1512   [ost-startStop-1] INFO  n.RequestMappingHandlerMapping  - Mapped "{[/product/forwardAdd.do]}" onto public java.lang.String cn.itcast.controller.ProductController.forwardAdd()
2019-02-25 13:33:53,897 1715   [ost-startStop-1] INFO  n.RequestMappingHandlerAdapter  - Looking for @ControllerAdvice: WebApplicationContext for namespace 'dispatcherServlet-servlet': startup date [Mon Feb 25 13:33:53 CST 2019]; parent: Root WebApplicationContext
2019-02-25 13:33:53,941 1759   [ost-startStop-1] INFO  n.RequestMappingHandlerAdapter  - Looking for @ControllerAdvice: WebApplicationContext for namespace 'dispatcherServlet-servlet': startup date [Mon Feb 25 13:33:53 CST 2019]; parent: Root WebApplicationContext
2019-02-25 13:33:54,004 1822   [ost-startStop-1] INFO  .web.servlet.DispatcherServlet  - FrameworkServlet 'dispatcherServlet': initialization completed in 603 ms
2019-02-25 15:18:36,113 0      [ost-startStop-1] INFO  work.web.context.ContextLoader  - Root WebApplicationContext: initialization started
2019-02-25 15:18:36,155 42     [ost-startStop-1] INFO  pport.XmlWebApplicationContext  - Refreshing Root WebApplicationContext: startup date [Mon Feb 25 15:18:36 CST 2019]; root of context hierarchy
2019-02-25 15:18:36,184 71     [ost-startStop-1] INFO  ry.xml.XmlBeanDefinitionReader  - Loading XML bean definitions from URL [file:/Users/tianhaolin1991/IdeaProjects/ssm_super/ssm_web/target/classes/applicationContext-web.xml]
2019-02-25 15:18:36,253 140    [ost-startStop-1] INFO  ry.xml.XmlBeanDefinitionReader  - Loading XML bean definitions from URL [file:/Users/tianhaolin1991/IdeaProjects/ssm_super/ssm_service/target/classes/applicationContext-service.xml]
2019-02-25 15:18:36,281 168    [ost-startStop-1] INFO  ry.xml.XmlBeanDefinitionReader  - Loading XML bean definitions from URL [file:/Users/tianhaolin1991/IdeaProjects/ssm_super/ssm_dao/target/classes/applicationContext-dao.xml]
2019-02-25 15:18:36,297 184    [ost-startStop-1] INFO  ry.xml.XmlBeanDefinitionReader  - Loading XML bean definitions from class path resource [applicationContext-domain.xml]
2019-02-25 15:18:36,584 471    [ost-startStop-1] INFO  redAnnotationBeanPostProcessor  - JSR-330 'javax.inject.Inject' annotation found and supported for autowiring
2019-02-25 15:18:36,782 669    [ost-startStop-1] INFO         com.mchange.v2.log.MLog  - MLog clients using log4j logging.
2019-02-25 15:18:36,994 881    [ost-startStop-1] INFO  m.mchange.v2.c3p0.C3P0Registry  - Initializing c3p0-0.9.1.2 [built 21-May-2007 15:04:56; debug? true; trace: 10]
2019-02-25 15:18:37,399 1286   [ost-startStop-1] INFO  work.web.context.ContextLoader  - Root WebApplicationContext: initialization completed in 1285 ms
2019-02-25 15:18:37,448 1335   [ost-startStop-1] INFO  .web.servlet.DispatcherServlet  - FrameworkServlet 'dispatcherServlet': initialization started
2019-02-25 15:18:37,450 1337   [ost-startStop-1] INFO  pport.XmlWebApplicationContext  - Refreshing WebApplicationContext for namespace 'dispatcherServlet-servlet': startup date [Mon Feb 25 15:18:37 CST 2019]; parent: Root WebApplicationContext
2019-02-25 15:18:37,450 1337   [ost-startStop-1] INFO  ry.xml.XmlBeanDefinitionReader  - Loading XML bean definitions from URL [file:/Users/tianhaolin1991/IdeaProjects/ssm_super/ssm_web/target/classes/springmvc.xml]
2019-02-25 15:18:37,537 1424   [ost-startStop-1] INFO  redAnnotationBeanPostProcessor  - JSR-330 'javax.inject.Inject' annotation found and supported for autowiring
2019-02-25 15:18:37,683 1570   [ost-startStop-1] INFO  andler.SimpleUrlHandlerMapping  - Mapped URL path [/css/**] onto handler 'org.springframework.web.servlet.resource.ResourceHttpRequestHandler#0'
2019-02-25 15:18:37,699 1586   [ost-startStop-1] INFO  andler.SimpleUrlHandlerMapping  - Mapped URL path [/js/**] onto handler 'org.springframework.web.servlet.resource.ResourceHttpRequestHandler#1'
2019-02-25 15:18:37,702 1589   [ost-startStop-1] INFO  andler.SimpleUrlHandlerMapping  - Mapped URL path [/img/**] onto handler 'org.springframework.web.servlet.resource.ResourceHttpRequestHandler#2'
2019-02-25 15:18:37,705 1592   [ost-startStop-1] INFO  andler.SimpleUrlHandlerMapping  - Mapped URL path [/plugins/**] onto handler 'org.springframework.web.servlet.resource.ResourceHttpRequestHandler#3'
2019-02-25 15:18:37,739 1626   [ost-startStop-1] INFO  n.RequestMappingHandlerMapping  - Mapped "{[/order]}" onto public org.springframework.web.servlet.ModelAndView cn.itcast.controller.OrderController.findAll(java.lang.Integer,java.lang.Integer)
2019-02-25 15:18:37,741 1628   [ost-startStop-1] INFO  n.RequestMappingHandlerMapping  - Mapped "{[/product/add.do]}" onto public java.lang.String cn.itcast.controller.ProductController.add(cn.itcast.domain.Product)
2019-02-25 15:18:37,741 1628   [ost-startStop-1] INFO  n.RequestMappingHandlerMapping  - Mapped "{[/product/findAll.do]}" onto public org.springframework.web.servlet.ModelAndView cn.itcast.controller.ProductController.findAll(java.lang.Integer,java.lang.Integer)
2019-02-25 15:18:37,741 1628   [ost-startStop-1] INFO  n.RequestMappingHandlerMapping  - Mapped "{[/product/forwardAdd.do]}" onto public java.lang.String cn.itcast.controller.ProductController.forwardAdd()
2019-02-25 15:18:37,974 1861   [ost-startStop-1] INFO  n.RequestMappingHandlerAdapter  - Looking for @ControllerAdvice: WebApplicationContext for namespace 'dispatcherServlet-servlet': startup date [Mon Feb 25 15:18:37 CST 2019]; parent: Root WebApplicationContext
2019-02-25 15:18:38,020 1907   [ost-startStop-1] INFO  n.RequestMappingHandlerAdapter  - Looking for @ControllerAdvice: WebApplicationContext for namespace 'dispatcherServlet-servlet': startup date [Mon Feb 25 15:18:37 CST 2019]; parent: Root WebApplicationContext
2019-02-25 15:18:38,084 1971   [ost-startStop-1] INFO  .web.servlet.DispatcherServlet  - FrameworkServlet 'dispatcherServlet': initialization completed in 635 ms
2019-02-25 15:18:43,281 7168   [bio-8080-exec-4] WARN  ework.web.servlet.PageNotFound  - No mapping found for HTTP request with URI [/order/findAllByPage.do] in DispatcherServlet with name 'dispatcherServlet'
2019-02-25 15:19:42,945 66832  [bio-8080-exec-5] INFO  l.AbstractPoolBackedDataSource  - Initializing c3p0 pool... com.mchange.v2.c3p0.ComboPooledDataSource [ acquireIncrement -> 3, acquireRetryAttempts -> 30, acquireRetryDelay -> 1000, autoCommitOnClose -> false, automaticTestTable -> null, breakAfterAcquireFailure -> false, checkoutTimeout -> 0, connectionCustomizerClassName -> null, connectionTesterClassName -> com.mchange.v2.c3p0.impl.DefaultConnectionTester, dataSourceName -> 1hge7epa19usp8b9qmfoh|2e9d883c, debugUnreturnedConnectionStackTraces -> false, description -> null, driverClass -> oracle.jdbc.driver.OracleDriver, factoryClassLocation -> null, forceIgnoreUnresolvedTransactions -> false, identityToken -> 1hge7epa19usp8b9qmfoh|2e9d883c, idleConnectionTestPeriod -> 0, initialPoolSize -> 3, jdbcUrl -> jdbc:oracle:thin:@192.168.12.222:1521:orcl, maxAdministrativeTaskTime -> 0, maxConnectionAge -> 0, maxIdleTime -> 0, maxIdleTimeExcessConnections -> 0, maxPoolSize -> 15, maxStatements -> 0, maxStatementsPerConnection -> 0, minPoolSize -> 3, numHelperThreads -> 3, numThreadsAwaitingCheckoutDefaultUser -> 0, preferredTestQuery -> null, properties -> {user=******, password=******}, propertyCycle -> 0, testConnectionOnCheckin -> false, testConnectionOnCheckout -> false, unreturnedConnectionTimeout -> 0, usesTraditionalReflectiveProxies -> false ]
2019-02-25 15:19:50,596 74483  [bio-8080-exec-7] WARN  ework.web.servlet.PageNotFound  - No mapping found for HTTP request with URI [/order/findAll.do] in DispatcherServlet with name 'dispatcherServlet'
2019-02-25 15:20:23,231 0      [ost-startStop-1] INFO  work.web.context.ContextLoader  - Root WebApplicationContext: initialization started
2019-02-25 15:20:23,282 51     [ost-startStop-1] INFO  pport.XmlWebApplicationContext  - Refreshing Root WebApplicationContext: startup date [Mon Feb 25 15:20:23 CST 2019]; root of context hierarchy
2019-02-25 15:20:23,322 91     [ost-startStop-1] INFO  ry.xml.XmlBeanDefinitionReader  - Loading XML bean definitions from URL [file:/Users/tianhaolin1991/IdeaProjects/ssm_super/ssm_web/target/classes/applicationContext-web.xml]
2019-02-25 15:20:23,499 268    [ost-startStop-1] INFO  ry.xml.XmlBeanDefinitionReader  - Loading XML bean definitions from URL [file:/Users/tianhaolin1991/IdeaProjects/ssm_super/ssm_service/target/classes/applicationContext-service.xml]
2019-02-25 15:20:23,536 305    [ost-startStop-1] INFO  ry.xml.XmlBeanDefinitionReader  - Loading XML bean definitions from URL [file:/Users/tianhaolin1991/IdeaProjects/ssm_super/ssm_dao/target/classes/applicationContext-dao.xml]
2019-02-25 15:20:23,551 320    [ost-startStop-1] INFO  ry.xml.XmlBeanDefinitionReader  - Loading XML bean definitions from class path resource [applicationContext-domain.xml]
2019-02-25 15:20:23,812 581    [ost-startStop-1] INFO  redAnnotationBeanPostProcessor  - JSR-330 'javax.inject.Inject' annotation found and supported for autowiring
2019-02-25 15:20:24,049 818    [ost-startStop-1] INFO         com.mchange.v2.log.MLog  - MLog clients using log4j logging.
2019-02-25 15:20:24,076 845    [ost-startStop-1] INFO  m.mchange.v2.c3p0.C3P0Registry  - Initializing c3p0-0.9.1.2 [built 21-May-2007 15:04:56; debug? true; trace: 10]
2019-02-25 15:20:24,648 1417   [ost-startStop-1] INFO  work.web.context.ContextLoader  - Root WebApplicationContext: initialization completed in 1416 ms
2019-02-25 15:20:24,729 1498   [ost-startStop-1] INFO  .web.servlet.DispatcherServlet  - FrameworkServlet 'dispatcherServlet': initialization started
2019-02-25 15:20:24,731 1500   [ost-startStop-1] INFO  pport.XmlWebApplicationContext  - Refreshing WebApplicationContext for namespace 'dispatcherServlet-servlet': startup date [Mon Feb 25 15:20:24 CST 2019]; parent: Root WebApplicationContext
2019-02-25 15:20:24,732 1501   [ost-startStop-1] INFO  ry.xml.XmlBeanDefinitionReader  - Loading XML bean definitions from URL [file:/Users/tianhaolin1991/IdeaProjects/ssm_super/ssm_web/target/classes/springmvc.xml]
2019-02-25 15:20:24,853 1622   [ost-startStop-1] INFO  redAnnotationBeanPostProcessor  - JSR-330 'javax.inject.Inject' annotation found and supported for autowiring
2019-02-25 15:20:25,274 2043   [ost-startStop-1] INFO  andler.SimpleUrlHandlerMapping  - Mapped URL path [/css/**] onto handler 'org.springframework.web.servlet.resource.ResourceHttpRequestHandler#0'
2019-02-25 15:20:25,314 2083   [ost-startStop-1] INFO  andler.SimpleUrlHandlerMapping  - Mapped URL path [/js/**] onto handler 'org.springframework.web.servlet.resource.ResourceHttpRequestHandler#1'
2019-02-25 15:20:25,319 2088   [ost-startStop-1] INFO  andler.SimpleUrlHandlerMapping  - Mapped URL path [/img/**] onto handler 'org.springframework.web.servlet.resource.ResourceHttpRequestHandler#2'
2019-02-25 15:20:25,324 2093   [ost-startStop-1] INFO  andler.SimpleUrlHandlerMapping  - Mapped URL path [/plugins/**] onto handler 'org.springframework.web.servlet.resource.ResourceHttpRequestHandler#3'
2019-02-25 15:20:25,388 2157   [ost-startStop-1] INFO  n.RequestMappingHandlerMapping  - Mapped "{[/order]}" onto public org.springframework.web.servlet.ModelAndView cn.itcast.controller.OrderController.findAll(java.lang.Integer,java.lang.Integer)
2019-02-25 15:20:25,390 2159   [ost-startStop-1] INFO  n.RequestMappingHandlerMapping  - Mapped "{[/product/add.do]}" onto public java.lang.String cn.itcast.controller.ProductController.add(cn.itcast.domain.Product)
2019-02-25 15:20:25,391 2160   [ost-startStop-1] INFO  n.RequestMappingHandlerMapping  - Mapped "{[/product/forwardAdd.do]}" onto public java.lang.String cn.itcast.controller.ProductController.forwardAdd()
2019-02-25 15:20:25,391 2160   [ost-startStop-1] INFO  n.RequestMappingHandlerMapping  - Mapped "{[/product/findAll.do]}" onto public org.springframework.web.servlet.ModelAndView cn.itcast.controller.ProductController.findAll(java.lang.Integer,java.lang.Integer)
2019-02-25 15:20:25,742 2511   [ost-startStop-1] INFO  n.RequestMappingHandlerAdapter  - Looking for @ControllerAdvice: WebApplicationContext for namespace 'dispatcherServlet-servlet': startup date [Mon Feb 25 15:20:24 CST 2019]; parent: Root WebApplicationContext
2019-02-25 15:20:25,809 2578   [ost-startStop-1] INFO  n.RequestMappingHandlerAdapter  - Looking for @ControllerAdvice: WebApplicationContext for namespace 'dispatcherServlet-servlet': startup date [Mon Feb 25 15:20:24 CST 2019]; parent: Root WebApplicationContext
2019-02-25 15:20:26,045 2814   [ost-startStop-1] INFO  .web.servlet.DispatcherServlet  - FrameworkServlet 'dispatcherServlet': initialization completed in 1316 ms
2019-02-25 15:20:37,067 0      [ost-startStop-1] INFO  work.web.context.ContextLoader  - Root WebApplicationContext: initialization started
2019-02-25 15:20:37,115 48     [ost-startStop-1] INFO  pport.XmlWebApplicationContext  - Refreshing Root WebApplicationContext: startup date [Mon Feb 25 15:20:37 CST 2019]; root of context hierarchy
2019-02-25 15:20:37,162 95     [ost-startStop-1] INFO  ry.xml.XmlBeanDefinitionReader  - Loading XML bean definitions from URL [file:/Users/tianhaolin1991/IdeaProjects/ssm_super/ssm_web/target/classes/applicationContext-web.xml]
2019-02-25 15:20:37,255 188    [ost-startStop-1] INFO  ry.xml.XmlBeanDefinitionReader  - Loading XML bean definitions from URL [file:/Users/tianhaolin1991/IdeaProjects/ssm_super/ssm_service/target/classes/applicationContext-service.xml]
2019-02-25 15:20:37,387 320    [ost-startStop-1] INFO  ry.xml.XmlBeanDefinitionReader  - Loading XML bean definitions from URL [file:/Users/tianhaolin1991/IdeaProjects/ssm_super/ssm_dao/target/classes/applicationContext-dao.xml]
2019-02-25 15:20:37,414 347    [ost-startStop-1] INFO  ry.xml.XmlBeanDefinitionReader  - Loading XML bean definitions from class path resource [applicationContext-domain.xml]
2019-02-25 15:20:37,717 650    [ost-startStop-1] INFO  redAnnotationBeanPostProcessor  - JSR-330 'javax.inject.Inject' annotation found and supported for autowiring
2019-02-25 15:20:37,990 923    [ost-startStop-1] INFO         com.mchange.v2.log.MLog  - MLog clients using log4j logging.
2019-02-25 15:20:38,030 963    [ost-startStop-1] INFO  m.mchange.v2.c3p0.C3P0Registry  - Initializing c3p0-0.9.1.2 [built 21-May-2007 15:04:56; debug? true; trace: 10]
2019-02-25 15:20:38,685 1618   [ost-startStop-1] INFO  work.web.context.ContextLoader  - Root WebApplicationContext: initialization completed in 1617 ms
2019-02-25 15:20:38,755 1688   [ost-startStop-1] INFO  .web.servlet.DispatcherServlet  - FrameworkServlet 'dispatcherServlet': initialization started
2019-02-25 15:20:38,759 1692   [ost-startStop-1] INFO  pport.XmlWebApplicationContext  - Refreshing WebApplicationContext for namespace 'dispatcherServlet-servlet': startup date [Mon Feb 25 15:20:38 CST 2019]; parent: Root WebApplicationContext
2019-02-25 15:20:38,759 1692   [ost-startStop-1] INFO  ry.xml.XmlBeanDefinitionReader  - Loading XML bean definitions from URL [file:/Users/tianhaolin1991/IdeaProjects/ssm_super/ssm_web/target/classes/springmvc.xml]
2019-02-25 15:20:38,901 1834   [ost-startStop-1] INFO  redAnnotationBeanPostProcessor  - JSR-330 'javax.inject.Inject' annotation found and supported for autowiring
2019-02-25 15:20:39,190 2123   [ost-startStop-1] INFO  andler.SimpleUrlHandlerMapping  - Mapped URL path [/css/**] onto handler 'org.springframework.web.servlet.resource.ResourceHttpRequestHandler#0'
2019-02-25 15:20:39,220 2153   [ost-startStop-1] INFO  andler.SimpleUrlHandlerMapping  - Mapped URL path [/js/**] onto handler 'org.springframework.web.servlet.resource.ResourceHttpRequestHandler#1'
2019-02-25 15:20:39,224 2157   [ost-startStop-1] INFO  andler.SimpleUrlHandlerMapping  - Mapped URL path [/img/**] onto handler 'org.springframework.web.servlet.resource.ResourceHttpRequestHandler#2'
2019-02-25 15:20:39,227 2160   [ost-startStop-1] INFO  andler.SimpleUrlHandlerMapping  - Mapped URL path [/plugins/**] onto handler 'org.springframework.web.servlet.resource.ResourceHttpRequestHandler#3'
2019-02-25 15:20:39,289 2222   [ost-startStop-1] INFO  n.RequestMappingHandlerMapping  - Mapped "{[/order/findAll]}" onto public org.springframework.web.servlet.ModelAndView cn.itcast.controller.OrderController.findAll(java.lang.Integer,java.lang.Integer)
2019-02-25 15:20:39,295 2228   [ost-startStop-1] INFO  n.RequestMappingHandlerMapping  - Mapped "{[/product/add.do]}" onto public java.lang.String cn.itcast.controller.ProductController.add(cn.itcast.domain.Product)
2019-02-25 15:20:39,296 2229   [ost-startStop-1] INFO  n.RequestMappingHandlerMapping  - Mapped "{[/product/findAll.do]}" onto public org.springframework.web.servlet.ModelAndView cn.itcast.controller.ProductController.findAll(java.lang.Integer,java.lang.Integer)
2019-02-25 15:20:39,296 2229   [ost-startStop-1] INFO  n.RequestMappingHandlerMapping  - Mapped "{[/product/forwardAdd.do]}" onto public java.lang.String cn.itcast.controller.ProductController.forwardAdd()
2019-02-25 15:20:39,626 2559   [ost-startStop-1] INFO  n.RequestMappingHandlerAdapter  - Looking for @ControllerAdvice: WebApplicationContext for namespace 'dispatcherServlet-servlet': startup date [Mon Feb 25 15:20:38 CST 2019]; parent: Root WebApplicationContext
2019-02-25 15:20:39,688 2621   [ost-startStop-1] INFO  n.RequestMappingHandlerAdapter  - Looking for @ControllerAdvice: WebApplicationContext for namespace 'dispatcherServlet-servlet': startup date [Mon Feb 25 15:20:38 CST 2019]; parent: Root WebApplicationContext
2019-02-25 15:20:39,873 2806   [ost-startStop-1] INFO  .web.servlet.DispatcherServlet  - FrameworkServlet 'dispatcherServlet': initialization completed in 1117 ms
2019-02-25 15:21:12,026 0      [ost-startStop-1] INFO  work.web.context.ContextLoader  - Root WebApplicationContext: initialization started
2019-02-25 15:21:12,080 54     [ost-startStop-1] INFO  pport.XmlWebApplicationContext  - Refreshing Root WebApplicationContext: startup date [Mon Feb 25 15:21:12 CST 2019]; root of context hierarchy
2019-02-25 15:21:12,122 96     [ost-startStop-1] INFO  ry.xml.XmlBeanDefinitionReader  - Loading XML bean definitions from URL [file:/Users/tianhaolin1991/IdeaProjects/ssm_super/ssm_web/target/classes/applicationContext-web.xml]
2019-02-25 15:21:12,296 270    [ost-startStop-1] INFO  ry.xml.XmlBeanDefinitionReader  - Loading XML bean definitions from URL [file:/Users/tianhaolin1991/IdeaProjects/ssm_super/ssm_service/target/classes/applicationContext-service.xml]
2019-02-25 15:21:12,325 299    [ost-startStop-1] INFO  ry.xml.XmlBeanDefinitionReader  - Loading XML bean definitions from URL [file:/Users/tianhaolin1991/IdeaProjects/ssm_super/ssm_dao/target/classes/applicationContext-dao.xml]
2019-02-25 15:21:12,343 317    [ost-startStop-1] INFO  ry.xml.XmlBeanDefinitionReader  - Loading XML bean definitions from class path resource [applicationContext-domain.xml]
2019-02-25 15:21:12,619 593    [ost-startStop-1] INFO  redAnnotationBeanPostProcessor  - JSR-330 'javax.inject.Inject' annotation found and supported for autowiring
2019-02-25 15:21:12,877 851    [ost-startStop-1] INFO         com.mchange.v2.log.MLog  - MLog clients using log4j logging.
2019-02-25 15:21:12,902 876    [ost-startStop-1] INFO  m.mchange.v2.c3p0.C3P0Registry  - Initializing c3p0-0.9.1.2 [built 21-May-2007 15:04:56; debug? true; trace: 10]
2019-02-25 15:21:13,485 1459   [ost-startStop-1] INFO  work.web.context.ContextLoader  - Root WebApplicationContext: initialization completed in 1458 ms
2019-02-25 15:21:13,560 1534   [ost-startStop-1] INFO  .web.servlet.DispatcherServlet  - FrameworkServlet 'dispatcherServlet': initialization started
2019-02-25 15:21:13,563 1537   [ost-startStop-1] INFO  pport.XmlWebApplicationContext  - Refreshing WebApplicationContext for namespace 'dispatcherServlet-servlet': startup date [Mon Feb 25 15:21:13 CST 2019]; parent: Root WebApplicationContext
2019-02-25 15:21:13,563 1537   [ost-startStop-1] INFO  ry.xml.XmlBeanDefinitionReader  - Loading XML bean definitions from URL [file:/Users/tianhaolin1991/IdeaProjects/ssm_super/ssm_web/target/classes/springmvc.xml]
2019-02-25 15:21:13,691 1665   [ost-startStop-1] INFO  redAnnotationBeanPostProcessor  - JSR-330 'javax.inject.Inject' annotation found and supported for autowiring
2019-02-25 15:21:13,955 1929   [ost-startStop-1] INFO  andler.SimpleUrlHandlerMapping  - Mapped URL path [/css/**] onto handler 'org.springframework.web.servlet.resource.ResourceHttpRequestHandler#0'
2019-02-25 15:21:13,980 1954   [ost-startStop-1] INFO  andler.SimpleUrlHandlerMapping  - Mapped URL path [/js/**] onto handler 'org.springframework.web.servlet.resource.ResourceHttpRequestHandler#1'
2019-02-25 15:21:13,983 1957   [ost-startStop-1] INFO  andler.SimpleUrlHandlerMapping  - Mapped URL path [/img/**] onto handler 'org.springframework.web.servlet.resource.ResourceHttpRequestHandler#2'
2019-02-25 15:21:13,987 1961   [ost-startStop-1] INFO  andler.SimpleUrlHandlerMapping  - Mapped URL path [/plugins/**] onto handler 'org.springframework.web.servlet.resource.ResourceHttpRequestHandler#3'
2019-02-25 15:21:14,042 2016   [ost-startStop-1] INFO  n.RequestMappingHandlerMapping  - Mapped "{[/order/findAll]}" onto public org.springframework.web.servlet.ModelAndView cn.itcast.controller.OrderController.findAll(java.lang.Integer,java.lang.Integer)
2019-02-25 15:21:14,045 2019   [ost-startStop-1] INFO  n.RequestMappingHandlerMapping  - Mapped "{[/product/add.do]}" onto public java.lang.String cn.itcast.controller.ProductController.add(cn.itcast.domain.Product)
2019-02-25 15:21:14,045 2019   [ost-startStop-1] INFO  n.RequestMappingHandlerMapping  - Mapped "{[/product/forwardAdd.do]}" onto public java.lang.String cn.itcast.controller.ProductController.forwardAdd()
2019-02-25 15:21:14,045 2019   [ost-startStop-1] INFO  n.RequestMappingHandlerMapping  - Mapped "{[/product/findAll.do]}" onto public org.springframework.web.servlet.ModelAndView cn.itcast.controller.ProductController.findAll(java.lang.Integer,java.lang.Integer)
2019-02-25 15:21:14,443 2417   [ost-startStop-1] INFO  n.RequestMappingHandlerAdapter  - Looking for @ControllerAdvice: WebApplicationContext for namespace 'dispatcherServlet-servlet': startup date [Mon Feb 25 15:21:13 CST 2019]; parent: Root WebApplicationContext
2019-02-25 15:21:14,513 2487   [ost-startStop-1] INFO  n.RequestMappingHandlerAdapter  - Looking for @ControllerAdvice: WebApplicationContext for namespace 'dispatcherServlet-servlet': startup date [Mon Feb 25 15:21:13 CST 2019]; parent: Root WebApplicationContext
2019-02-25 15:21:14,723 2697   [ost-startStop-1] INFO  .web.servlet.DispatcherServlet  - FrameworkServlet 'dispatcherServlet': initialization completed in 1163 ms
2019-02-25 15:21:16,926 4900   [bio-8080-exec-1] INFO  l.AbstractPoolBackedDataSource  - Initializing c3p0 pool... com.mchange.v2.c3p0.ComboPooledDataSource [ acquireIncrement -> 3, acquireRetryAttempts -> 30, acquireRetryDelay -> 1000, autoCommitOnClose -> false, automaticTestTable -> null, breakAfterAcquireFailure -> false, checkoutTimeout -> 0, connectionCustomizerClassName -> null, connectionTesterClassName -> com.mchange.v2.c3p0.impl.DefaultConnectionTester, dataSourceName -> 1hge7epa19uw1j21ix8kvc|1c867df8, debugUnreturnedConnectionStackTraces -> false, description -> null, driverClass -> oracle.jdbc.driver.OracleDriver, factoryClassLocation -> null, forceIgnoreUnresolvedTransactions -> false, identityToken -> 1hge7epa19uw1j21ix8kvc|1c867df8, idleConnectionTestPeriod -> 0, initialPoolSize -> 3, jdbcUrl -> jdbc:oracle:thin:@192.168.12.222:1521:orcl, maxAdministrativeTaskTime -> 0, maxConnectionAge -> 0, maxIdleTime -> 0, maxIdleTimeExcessConnections -> 0, maxPoolSize -> 15, maxStatements -> 0, maxStatementsPerConnection -> 0, minPoolSize -> 3, numHelperThreads -> 3, numThreadsAwaitingCheckoutDefaultUser -> 0, preferredTestQuery -> null, properties -> {user=******, password=******}, propertyCycle -> 0, testConnectionOnCheckin -> false, testConnectionOnCheckout -> false, unreturnedConnectionTimeout -> 0, usesTraditionalReflectiveProxies -> false ]
2019-02-25 15:23:58,978 0      [ost-startStop-1] INFO  work.web.context.ContextLoader  - Root WebApplicationContext: initialization started
2019-02-25 15:23:59,017 39     [ost-startStop-1] INFO  pport.XmlWebApplicationContext  - Refreshing Root WebApplicationContext: startup date [Mon Feb 25 15:23:59 CST 2019]; root of context hierarchy
2019-02-25 15:23:59,050 72     [ost-startStop-1] INFO  ry.xml.XmlBeanDefinitionReader  - Loading XML bean definitions from URL [file:/Users/tianhaolin1991/IdeaProjects/ssm_super/ssm_web/target/classes/applicationContext-web.xml]
2019-02-25 15:23:59,117 139    [ost-startStop-1] INFO  ry.xml.XmlBeanDefinitionReader  - Loading XML bean definitions from URL [file:/Users/tianhaolin1991/IdeaProjects/ssm_super/ssm_service/target/classes/applicationContext-service.xml]
2019-02-25 15:23:59,232 254    [ost-startStop-1] INFO  ry.xml.XmlBeanDefinitionReader  - Loading XML bean definitions from URL [file:/Users/tianhaolin1991/IdeaProjects/ssm_super/ssm_dao/target/classes/applicationContext-dao.xml]
2019-02-25 15:23:59,247 269    [ost-startStop-1] INFO  ry.xml.XmlBeanDefinitionReader  - Loading XML bean definitions from class path resource [applicationContext-domain.xml]
2019-02-25 15:23:59,497 519    [ost-startStop-1] INFO  redAnnotationBeanPostProcessor  - JSR-330 'javax.inject.Inject' annotation found and supported for autowiring
2019-02-25 15:23:59,737 759    [ost-startStop-1] INFO         com.mchange.v2.log.MLog  - MLog clients using log4j logging.
2019-02-25 15:23:59,759 781    [ost-startStop-1] INFO  m.mchange.v2.c3p0.C3P0Registry  - Initializing c3p0-0.9.1.2 [built 21-May-2007 15:04:56; debug? true; trace: 10]
2019-02-25 15:24:00,296 1318   [ost-startStop-1] INFO  work.web.context.ContextLoader  - Root WebApplicationContext: initialization completed in 1317 ms
2019-02-25 15:24:00,368 1390   [ost-startStop-1] INFO  .web.servlet.DispatcherServlet  - FrameworkServlet 'dispatcherServlet': initialization started
2019-02-25 15:24:00,371 1393   [ost-startStop-1] INFO  pport.XmlWebApplicationContext  - Refreshing WebApplicationContext for namespace 'dispatcherServlet-servlet': startup date [Mon Feb 25 15:24:00 CST 2019]; parent: Root WebApplicationContext
2019-02-25 15:24:00,372 1394   [ost-startStop-1] INFO  ry.xml.XmlBeanDefinitionReader  - Loading XML bean definitions from URL [file:/Users/tianhaolin1991/IdeaProjects/ssm_super/ssm_web/target/classes/springmvc.xml]
2019-02-25 15:24:00,490 1512   [ost-startStop-1] INFO  redAnnotationBeanPostProcessor  - JSR-330 'javax.inject.Inject' annotation found and supported for autowiring
2019-02-25 15:24:00,724 1746   [ost-startStop-1] INFO  andler.SimpleUrlHandlerMapping  - Mapped URL path [/css/**] onto handler 'org.springframework.web.servlet.resource.ResourceHttpRequestHandler#0'
2019-02-25 15:24:00,750 1772   [ost-startStop-1] INFO  andler.SimpleUrlHandlerMapping  - Mapped URL path [/js/**] onto handler 'org.springframework.web.servlet.resource.ResourceHttpRequestHandler#1'
2019-02-25 15:24:00,753 1775   [ost-startStop-1] INFO  andler.SimpleUrlHandlerMapping  - Mapped URL path [/img/**] onto handler 'org.springframework.web.servlet.resource.ResourceHttpRequestHandler#2'
2019-02-25 15:24:00,757 1779   [ost-startStop-1] INFO  andler.SimpleUrlHandlerMapping  - Mapped URL path [/plugins/**] onto handler 'org.springframework.web.servlet.resource.ResourceHttpRequestHandler#3'
2019-02-25 15:24:00,815 1837   [ost-startStop-1] INFO  n.RequestMappingHandlerMapping  - Mapped "{[/order/findAll]}" onto public org.springframework.web.servlet.ModelAndView cn.itcast.controller.OrderController.findAll(java.lang.Integer,java.lang.Integer)
2019-02-25 15:24:00,818 1840   [ost-startStop-1] INFO  n.RequestMappingHandlerMapping  - Mapped "{[/product/add.do]}" onto public java.lang.String cn.itcast.controller.ProductController.add(cn.itcast.domain.Product)
2019-02-25 15:24:00,818 1840   [ost-startStop-1] INFO  n.RequestMappingHandlerMapping  - Mapped "{[/product/forwardAdd.do]}" onto public java.lang.String cn.itcast.controller.ProductController.forwardAdd()
2019-02-25 15:24:00,819 1841   [ost-startStop-1] INFO  n.RequestMappingHandlerMapping  - Mapped "{[/product/findAll.do]}" onto public org.springframework.web.servlet.ModelAndView cn.itcast.controller.ProductController.findAll(java.lang.Integer,java.lang.Integer)
2019-02-25 15:24:01,163 2185   [ost-startStop-1] INFO  n.RequestMappingHandlerAdapter  - Looking for @ControllerAdvice: WebApplicationContext for namespace 'dispatcherServlet-servlet': startup date [Mon Feb 25 15:24:00 CST 2019]; parent: Root WebApplicationContext
2019-02-25 15:24:01,231 2253   [ost-startStop-1] INFO  n.RequestMappingHandlerAdapter  - Looking for @ControllerAdvice: WebApplicationContext for namespace 'dispatcherServlet-servlet': startup date [Mon Feb 25 15:24:00 CST 2019]; parent: Root WebApplicationContext
2019-02-25 15:24:01,407 2429   [ost-startStop-1] INFO  .web.servlet.DispatcherServlet  - FrameworkServlet 'dispatcherServlet': initialization completed in 1039 ms
2019-02-25 15:24:04,563 5585   [bio-8080-exec-1] INFO  l.AbstractPoolBackedDataSource  - Initializing c3p0 pool... com.mchange.v2.c3p0.ComboPooledDataSource [ acquireIncrement -> 3, acquireRetryAttempts -> 30, acquireRetryDelay -> 1000, autoCommitOnClose -> false, automaticTestTable -> null, breakAfterAcquireFailure -> false, checkoutTimeout -> 0, connectionCustomizerClassName -> null, connectionTesterClassName -> com.mchange.v2.c3p0.impl.DefaultConnectionTester, dataSourceName -> 1hge7epa19uzma014jkq64|42c9a671, debugUnreturnedConnectionStackTraces -> false, description -> null, driverClass -> oracle.jdbc.driver.OracleDriver, factoryClassLocation -> null, forceIgnoreUnresolvedTransactions -> false, identityToken -> 1hge7epa19uzma014jkq64|42c9a671, idleConnectionTestPeriod -> 0, initialPoolSize -> 3, jdbcUrl -> jdbc:oracle:thin:@192.168.12.222:1521:orcl, maxAdministrativeTaskTime -> 0, maxConnectionAge -> 0, maxIdleTime -> 0, maxIdleTimeExcessConnections -> 0, maxPoolSize -> 15, maxStatements -> 0, maxStatementsPerConnection -> 0, minPoolSize -> 3, numHelperThreads -> 3, numThreadsAwaitingCheckoutDefaultUser -> 0, preferredTestQuery -> null, properties -> {user=******, password=******}, propertyCycle -> 0, testConnectionOnCheckin -> false, testConnectionOnCheckout -> false, unreturnedConnectionTimeout -> 0, usesTraditionalReflectiveProxies -> false ]
2019-02-25 15:27:00,771 0      [ost-startStop-1] INFO  work.web.context.ContextLoader  - Root WebApplicationContext: initialization started
2019-02-25 15:27:00,811 40     [ost-startStop-1] INFO  pport.XmlWebApplicationContext  - Refreshing Root WebApplicationContext: startup date [Mon Feb 25 15:27:00 CST 2019]; root of context hierarchy
2019-02-25 15:27:00,844 73     [ost-startStop-1] INFO  ry.xml.XmlBeanDefinitionReader  - Loading XML bean definitions from URL [file:/Users/tianhaolin1991/IdeaProjects/ssm_super/ssm_web/target/classes/applicationContext-web.xml]
2019-02-25 15:27:00,915 144    [ost-startStop-1] INFO  ry.xml.XmlBeanDefinitionReader  - Loading XML bean definitions from URL [file:/Users/tianhaolin1991/IdeaProjects/ssm_super/ssm_service/target/classes/applicationContext-service.xml]
2019-02-25 15:27:00,942 171    [ost-startStop-1] INFO  ry.xml.XmlBeanDefinitionReader  - Loading XML bean definitions from URL [file:/Users/tianhaolin1991/IdeaProjects/ssm_super/ssm_dao/target/classes/applicationContext-dao.xml]
2019-02-25 15:27:00,956 185    [ost-startStop-1] INFO  ry.xml.XmlBeanDefinitionReader  - Loading XML bean definitions from class path resource [applicationContext-domain.xml]
2019-02-25 15:27:01,210 439    [ost-startStop-1] INFO  redAnnotationBeanPostProcessor  - JSR-330 'javax.inject.Inject' annotation found and supported for autowiring
2019-02-25 15:27:01,477 706    [ost-startStop-1] INFO         com.mchange.v2.log.MLog  - MLog clients using log4j logging.
2019-02-25 15:27:01,507 736    [ost-startStop-1] INFO  m.mchange.v2.c3p0.C3P0Registry  - Initializing c3p0-0.9.1.2 [built 21-May-2007 15:04:56; debug? true; trace: 10]
2019-02-25 15:27:02,082 1311   [ost-startStop-1] INFO  work.web.context.ContextLoader  - Root WebApplicationContext: initialization completed in 1310 ms
2019-02-25 15:27:02,150 1379   [ost-startStop-1] INFO  .web.servlet.DispatcherServlet  - FrameworkServlet 'dispatcherServlet': initialization started
2019-02-25 15:27:02,153 1382   [ost-startStop-1] INFO  pport.XmlWebApplicationContext  - Refreshing WebApplicationContext for namespace 'dispatcherServlet-servlet': startup date [Mon Feb 25 15:27:02 CST 2019]; parent: Root WebApplicationContext
2019-02-25 15:27:02,153 1382   [ost-startStop-1] INFO  ry.xml.XmlBeanDefinitionReader  - Loading XML bean definitions from URL [file:/Users/tianhaolin1991/IdeaProjects/ssm_super/ssm_web/target/classes/springmvc.xml]
2019-02-25 15:27:02,279 1508   [ost-startStop-1] INFO  redAnnotationBeanPostProcessor  - JSR-330 'javax.inject.Inject' annotation found and supported for autowiring
2019-02-25 15:27:02,536 1765   [ost-startStop-1] INFO  andler.SimpleUrlHandlerMapping  - Mapped URL path [/css/**] onto handler 'org.springframework.web.servlet.resource.ResourceHttpRequestHandler#0'
2019-02-25 15:27:02,560 1789   [ost-startStop-1] INFO  andler.SimpleUrlHandlerMapping  - Mapped URL path [/js/**] onto handler 'org.springframework.web.servlet.resource.ResourceHttpRequestHandler#1'
2019-02-25 15:27:02,563 1792   [ost-startStop-1] INFO  andler.SimpleUrlHandlerMapping  - Mapped URL path [/img/**] onto handler 'org.springframework.web.servlet.resource.ResourceHttpRequestHandler#2'
2019-02-25 15:27:02,566 1795   [ost-startStop-1] INFO  andler.SimpleUrlHandlerMapping  - Mapped URL path [/plugins/**] onto handler 'org.springframework.web.servlet.resource.ResourceHttpRequestHandler#3'
2019-02-25 15:27:02,620 1849   [ost-startStop-1] INFO  n.RequestMappingHandlerMapping  - Mapped "{[/order/findAll]}" onto public org.springframework.web.servlet.ModelAndView cn.itcast.controller.OrderController.findAll(java.lang.Integer,java.lang.Integer)
2019-02-25 15:27:02,623 1852   [ost-startStop-1] INFO  n.RequestMappingHandlerMapping  - Mapped "{[/product/add.do]}" onto public java.lang.String cn.itcast.controller.ProductController.add(cn.itcast.domain.Product)
2019-02-25 15:27:02,623 1852   [ost-startStop-1] INFO  n.RequestMappingHandlerMapping  - Mapped "{[/product/findAll.do]}" onto public org.springframework.web.servlet.ModelAndView cn.itcast.controller.ProductController.findAll(java.lang.Integer,java.lang.Integer)
2019-02-25 15:27:02,623 1852   [ost-startStop-1] INFO  n.RequestMappingHandlerMapping  - Mapped "{[/product/forwardAdd.do]}" onto public java.lang.String cn.itcast.controller.ProductController.forwardAdd()
2019-02-25 15:27:02,939 2168   [ost-startStop-1] INFO  n.RequestMappingHandlerAdapter  - Looking for @ControllerAdvice: WebApplicationContext for namespace 'dispatcherServlet-servlet': startup date [Mon Feb 25 15:27:02 CST 2019]; parent: Root WebApplicationContext
2019-02-25 15:27:03,001 2230   [ost-startStop-1] INFO  n.RequestMappingHandlerAdapter  - Looking for @ControllerAdvice: WebApplicationContext for namespace 'dispatcherServlet-servlet': startup date [Mon Feb 25 15:27:02 CST 2019]; parent: Root WebApplicationContext
2019-02-25 15:27:03,147 2376   [ost-startStop-1] INFO  .web.servlet.DispatcherServlet  - FrameworkServlet 'dispatcherServlet': initialization completed in 997 ms
2019-02-25 15:27:03,496 2725   [bio-8080-exec-1] INFO  l.AbstractPoolBackedDataSource  - Initializing c3p0 pool... com.mchange.v2.c3p0.ComboPooledDataSource [ acquireIncrement -> 3, acquireRetryAttempts -> 30, acquireRetryDelay -> 1000, autoCommitOnClose -> false, automaticTestTable -> null, breakAfterAcquireFailure -> false, checkoutTimeout -> 0, connectionCustomizerClassName -> null, connectionTesterClassName -> com.mchange.v2.c3p0.impl.DefaultConnectionTester, dataSourceName -> 1hge7epa19v3iiim4ojnd|47b0a5c0, debugUnreturnedConnectionStackTraces -> false, description -> null, driverClass -> oracle.jdbc.driver.OracleDriver, factoryClassLocation -> null, forceIgnoreUnresolvedTransactions -> false, identityToken -> 1hge7epa19v3iiim4ojnd|47b0a5c0, idleConnectionTestPeriod -> 0, initialPoolSize -> 3, jdbcUrl -> jdbc:oracle:thin:@192.168.12.222:1521:orcl, maxAdministrativeTaskTime -> 0, maxConnectionAge -> 0, maxIdleTime -> 0, maxIdleTimeExcessConnections -> 0, maxPoolSize -> 15, maxStatements -> 0, maxStatementsPerConnection -> 0, minPoolSize -> 3, numHelperThreads -> 3, numThreadsAwaitingCheckoutDefaultUser -> 0, preferredTestQuery -> null, properties -> {user=******, password=******}, propertyCycle -> 0, testConnectionOnCheckin -> false, testConnectionOnCheckout -> false, unreturnedConnectionTimeout -> 0, usesTraditionalReflectiveProxies -> false ]
2019-02-25 15:31:37,703 0      [ost-startStop-1] INFO  work.web.context.ContextLoader  - Root WebApplicationContext: initialization started
2019-02-25 15:31:37,745 42     [ost-startStop-1] INFO  pport.XmlWebApplicationContext  - Refreshing Root WebApplicationContext: startup date [Mon Feb 25 15:31:37 CST 2019]; root of context hierarchy
2019-02-25 15:31:37,778 75     [ost-startStop-1] INFO  ry.xml.XmlBeanDefinitionReader  - Loading XML bean definitions from URL [file:/Users/tianhaolin1991/IdeaProjects/ssm_super/ssm_web/target/classes/applicationContext-web.xml]
2019-02-25 15:31:37,845 142    [ost-startStop-1] INFO  ry.xml.XmlBeanDefinitionReader  - Loading XML bean definitions from URL [file:/Users/tianhaolin1991/IdeaProjects/ssm_super/ssm_service/target/classes/applicationContext-service.xml]
2019-02-25 15:31:37,872 169    [ost-startStop-1] INFO  ry.xml.XmlBeanDefinitionReader  - Loading XML bean definitions from URL [file:/Users/tianhaolin1991/IdeaProjects/ssm_super/ssm_dao/target/classes/applicationContext-dao.xml]
2019-02-25 15:31:37,885 182    [ost-startStop-1] INFO  ry.xml.XmlBeanDefinitionReader  - Loading XML bean definitions from class path resource [applicationContext-domain.xml]
2019-02-25 15:31:38,133 430    [ost-startStop-1] INFO  redAnnotationBeanPostProcessor  - JSR-330 'javax.inject.Inject' annotation found and supported for autowiring
2019-02-25 15:31:38,370 667    [ost-startStop-1] INFO         com.mchange.v2.log.MLog  - MLog clients using log4j logging.
2019-02-25 15:31:38,466 763    [ost-startStop-1] INFO  m.mchange.v2.c3p0.C3P0Registry  - Initializing c3p0-0.9.1.2 [built 21-May-2007 15:04:56; debug? true; trace: 10]
2019-02-25 15:31:38,968 1265   [ost-startStop-1] INFO  work.web.context.ContextLoader  - Root WebApplicationContext: initialization completed in 1264 ms
2019-02-25 15:31:39,031 1328   [ost-startStop-1] INFO  .web.servlet.DispatcherServlet  - FrameworkServlet 'dispatcherServlet': initialization started
2019-02-25 15:31:39,033 1330   [ost-startStop-1] INFO  pport.XmlWebApplicationContext  - Refreshing WebApplicationContext for namespace 'dispatcherServlet-servlet': startup date [Mon Feb 25 15:31:39 CST 2019]; parent: Root WebApplicationContext
2019-02-25 15:31:39,034 1331   [ost-startStop-1] INFO  ry.xml.XmlBeanDefinitionReader  - Loading XML bean definitions from URL [file:/Users/tianhaolin1991/IdeaProjects/ssm_super/ssm_web/target/classes/springmvc.xml]
2019-02-25 15:31:39,155 1452   [ost-startStop-1] INFO  redAnnotationBeanPostProcessor  - JSR-330 'javax.inject.Inject' annotation found and supported for autowiring
2019-02-25 15:31:39,401 1698   [ost-startStop-1] INFO  andler.SimpleUrlHandlerMapping  - Mapped URL path [/css/**] onto handler 'org.springframework.web.servlet.resource.ResourceHttpRequestHandler#0'
2019-02-25 15:31:39,429 1726   [ost-startStop-1] INFO  andler.SimpleUrlHandlerMapping  - Mapped URL path [/js/**] onto handler 'org.springframework.web.servlet.resource.ResourceHttpRequestHandler#1'
2019-02-25 15:31:39,432 1729   [ost-startStop-1] INFO  andler.SimpleUrlHandlerMapping  - Mapped URL path [/img/**] onto handler 'org.springframework.web.servlet.resource.ResourceHttpRequestHandler#2'
2019-02-25 15:31:39,435 1732   [ost-startStop-1] INFO  andler.SimpleUrlHandlerMapping  - Mapped URL path [/plugins/**] onto handler 'org.springframework.web.servlet.resource.ResourceHttpRequestHandler#3'
2019-02-25 15:31:39,500 1797   [ost-startStop-1] INFO  n.RequestMappingHandlerMapping  - Mapped "{[/order/findAll]}" onto public org.springframework.web.servlet.ModelAndView cn.itcast.controller.OrderController.findAll(java.lang.Integer,java.lang.Integer)
2019-02-25 15:31:39,503 1800   [ost-startStop-1] INFO  n.RequestMappingHandlerMapping  - Mapped "{[/product/add.do]}" onto public java.lang.String cn.itcast.controller.ProductController.add(cn.itcast.domain.Product)
2019-02-25 15:31:39,503 1800   [ost-startStop-1] INFO  n.RequestMappingHandlerMapping  - Mapped "{[/product/findAll.do]}" onto public org.springframework.web.servlet.ModelAndView cn.itcast.controller.ProductController.findAll(java.lang.Integer,java.lang.Integer)
2019-02-25 15:31:39,503 1800   [ost-startStop-1] INFO  n.RequestMappingHandlerMapping  - Mapped "{[/product/forwardAdd.do]}" onto public java.lang.String cn.itcast.controller.ProductController.forwardAdd()
2019-02-25 15:31:39,808 2105   [ost-startStop-1] INFO  n.RequestMappingHandlerAdapter  - Looking for @ControllerAdvice: WebApplicationContext for namespace 'dispatcherServlet-servlet': startup date [Mon Feb 25 15:31:39 CST 2019]; parent: Root WebApplicationContext
2019-02-25 15:31:39,861 2158   [ost-startStop-1] INFO  n.RequestMappingHandlerAdapter  - Looking for @ControllerAdvice: WebApplicationContext for namespace 'dispatcherServlet-servlet': startup date [Mon Feb 25 15:31:39 CST 2019]; parent: Root WebApplicationContext
2019-02-25 15:31:39,996 2293   [ost-startStop-1] INFO  .web.servlet.DispatcherServlet  - FrameworkServlet 'dispatcherServlet': initialization completed in 965 ms
2019-02-25 15:31:59,680 21977  [bio-8080-exec-1] INFO  l.AbstractPoolBackedDataSource  - Initializing c3p0 pool... com.mchange.v2.c3p0.ComboPooledDataSource [ acquireIncrement -> 3, acquireRetryAttempts -> 30, acquireRetryDelay -> 1000, autoCommitOnClose -> false, automaticTestTable -> null, breakAfterAcquireFailure -> false, checkoutTimeout -> 0, connectionCustomizerClassName -> null, connectionTesterClassName -> com.mchange.v2.c3p0.impl.DefaultConnectionTester, dataSourceName -> 1hge7epa19v9g5vftwzht|59d25fe3, debugUnreturnedConnectionStackTraces -> false, description -> null, driverClass -> oracle.jdbc.driver.OracleDriver, factoryClassLocation -> null, forceIgnoreUnresolvedTransactions -> false, identityToken -> 1hge7epa19v9g5vftwzht|59d25fe3, idleConnectionTestPeriod -> 0, initialPoolSize -> 3, jdbcUrl -> jdbc:oracle:thin:@192.168.12.222:1521:orcl, maxAdministrativeTaskTime -> 0, maxConnectionAge -> 0, maxIdleTime -> 0, maxIdleTimeExcessConnections -> 0, maxPoolSize -> 15, maxStatements -> 0, maxStatementsPerConnection -> 0, minPoolSize -> 3, numHelperThreads -> 3, numThreadsAwaitingCheckoutDefaultUser -> 0, preferredTestQuery -> null, properties -> {user=******, password=******}, propertyCycle -> 0, testConnectionOnCheckin -> false, testConnectionOnCheckout -> false, unreturnedConnectionTimeout -> 0, usesTraditionalReflectiveProxies -> false ]
2019-02-25 15:33:18,862 1      [ost-startStop-1] INFO  work.web.context.ContextLoader  - Root WebApplicationContext: initialization started
2019-02-25 15:33:18,908 47     [ost-startStop-1] INFO  pport.XmlWebApplicationContext  - Refreshing Root WebApplicationContext: startup date [Mon Feb 25 15:33:18 CST 2019]; root of context hierarchy
2019-02-25 15:33:18,942 81     [ost-startStop-1] INFO  ry.xml.XmlBeanDefinitionReader  - Loading XML bean definitions from URL [file:/Users/tianhaolin1991/IdeaProjects/ssm_super/ssm_web/target/classes/applicationContext-web.xml]
2019-02-25 15:33:19,015 154    [ost-startStop-1] INFO  ry.xml.XmlBeanDefinitionReader  - Loading XML bean definitions from URL [file:/Users/tianhaolin1991/IdeaProjects/ssm_super/ssm_service/target/classes/applicationContext-service.xml]
2019-02-25 15:33:19,042 181    [ost-startStop-1] INFO  ry.xml.XmlBeanDefinitionReader  - Loading XML bean definitions from URL [file:/Users/tianhaolin1991/IdeaProjects/ssm_super/ssm_dao/target/classes/applicationContext-dao.xml]
2019-02-25 15:33:19,059 198    [ost-startStop-1] INFO  ry.xml.XmlBeanDefinitionReader  - Loading XML bean definitions from class path resource [applicationContext-domain.xml]
2019-02-25 15:33:19,363 502    [ost-startStop-1] INFO  redAnnotationBeanPostProcessor  - JSR-330 'javax.inject.Inject' annotation found and supported for autowiring
2019-02-25 15:33:19,630 769    [ost-startStop-1] INFO         com.mchange.v2.log.MLog  - MLog clients using log4j logging.
2019-02-25 15:33:19,734 873    [ost-startStop-1] INFO  m.mchange.v2.c3p0.C3P0Registry  - Initializing c3p0-0.9.1.2 [built 21-May-2007 15:04:56; debug? true; trace: 10]
2019-02-25 15:33:20,251 1390   [ost-startStop-1] INFO  work.web.context.ContextLoader  - Root WebApplicationContext: initialization completed in 1389 ms
2019-02-25 15:33:20,323 1462   [ost-startStop-1] INFO  .web.servlet.DispatcherServlet  - FrameworkServlet 'dispatcherServlet': initialization started
2019-02-25 15:33:20,326 1465   [ost-startStop-1] INFO  pport.XmlWebApplicationContext  - Refreshing WebApplicationContext for namespace 'dispatcherServlet-servlet': startup date [Mon Feb 25 15:33:20 CST 2019]; parent: Root WebApplicationContext
2019-02-25 15:33:20,326 1465   [ost-startStop-1] INFO  ry.xml.XmlBeanDefinitionReader  - Loading XML bean definitions from URL [file:/Users/tianhaolin1991/IdeaProjects/ssm_super/ssm_web/target/classes/springmvc.xml]
2019-02-25 15:33:20,454 1593   [ost-startStop-1] INFO  redAnnotationBeanPostProcessor  - JSR-330 'javax.inject.Inject' annotation found and supported for autowiring
2019-02-25 15:33:20,707 1846   [ost-startStop-1] INFO  andler.SimpleUrlHandlerMapping  - Mapped URL path [/css/**] onto handler 'org.springframework.web.servlet.resource.ResourceHttpRequestHandler#0'
2019-02-25 15:33:20,736 1875   [ost-startStop-1] INFO  andler.SimpleUrlHandlerMapping  - Mapped URL path [/js/**] onto handler 'org.springframework.web.servlet.resource.ResourceHttpRequestHandler#1'
2019-02-25 15:33:20,739 1878   [ost-startStop-1] INFO  andler.SimpleUrlHandlerMapping  - Mapped URL path [/img/**] onto handler 'org.springframework.web.servlet.resource.ResourceHttpRequestHandler#2'
2019-02-25 15:33:20,742 1881   [ost-startStop-1] INFO  andler.SimpleUrlHandlerMapping  - Mapped URL path [/plugins/**] onto handler 'org.springframework.web.servlet.resource.ResourceHttpRequestHandler#3'
2019-02-25 15:33:20,798 1937   [ost-startStop-1] INFO  n.RequestMappingHandlerMapping  - Mapped "{[/order/findAll]}" onto public org.springframework.web.servlet.ModelAndView cn.itcast.controller.OrderController.findAll(java.lang.Integer,java.lang.Integer)
2019-02-25 15:33:20,801 1940   [ost-startStop-1] INFO  n.RequestMappingHandlerMapping  - Mapped "{[/product/add.do]}" onto public java.lang.String cn.itcast.controller.ProductController.add(cn.itcast.domain.Product)
2019-02-25 15:33:20,801 1940   [ost-startStop-1] INFO  n.RequestMappingHandlerMapping  - Mapped "{[/product/findAll.do]}" onto public org.springframework.web.servlet.ModelAndView cn.itcast.controller.ProductController.findAll(java.lang.Integer,java.lang.Integer)
2019-02-25 15:33:20,801 1940   [ost-startStop-1] INFO  n.RequestMappingHandlerMapping  - Mapped "{[/product/forwardAdd.do]}" onto public java.lang.String cn.itcast.controller.ProductController.forwardAdd()
2019-02-25 15:33:21,109 2248   [ost-startStop-1] INFO  n.RequestMappingHandlerAdapter  - Looking for @ControllerAdvice: WebApplicationContext for namespace 'dispatcherServlet-servlet': startup date [Mon Feb 25 15:33:20 CST 2019]; parent: Root WebApplicationContext
2019-02-25 15:33:21,170 2309   [ost-startStop-1] INFO  n.RequestMappingHandlerAdapter  - Looking for @ControllerAdvice: WebApplicationContext for namespace 'dispatcherServlet-servlet': startup date [Mon Feb 25 15:33:20 CST 2019]; parent: Root WebApplicationContext
2019-02-25 15:33:21,318 2457   [ost-startStop-1] INFO  .web.servlet.DispatcherServlet  - FrameworkServlet 'dispatcherServlet': initialization completed in 995 ms
2019-02-25 15:33:26,118 7257   [bio-8080-exec-1] INFO  l.AbstractPoolBackedDataSource  - Initializing c3p0 pool... com.mchange.v2.c3p0.ComboPooledDataSource [ acquireIncrement -> 3, acquireRetryAttempts -> 30, acquireRetryDelay -> 1000, autoCommitOnClose -> false, automaticTestTable -> null, breakAfterAcquireFailure -> false, checkoutTimeout -> 0, connectionCustomizerClassName -> null, connectionTesterClassName -> com.mchange.v2.c3p0.impl.DefaultConnectionTester, dataSourceName -> 1hge7epa19vbmaq12lyrpf|117f8c19, debugUnreturnedConnectionStackTraces -> false, description -> null, driverClass -> oracle.jdbc.driver.OracleDriver, factoryClassLocation -> null, forceIgnoreUnresolvedTransactions -> false, identityToken -> 1hge7epa19vbmaq12lyrpf|117f8c19, idleConnectionTestPeriod -> 0, initialPoolSize -> 3, jdbcUrl -> jdbc:oracle:thin:@192.168.12.222:1521:orcl, maxAdministrativeTaskTime -> 0, maxConnectionAge -> 0, maxIdleTime -> 0, maxIdleTimeExcessConnections -> 0, maxPoolSize -> 15, maxStatements -> 0, maxStatementsPerConnection -> 0, minPoolSize -> 3, numHelperThreads -> 3, numThreadsAwaitingCheckoutDefaultUser -> 0, preferredTestQuery -> null, properties -> {user=******, password=******}, propertyCycle -> 0, testConnectionOnCheckin -> false, testConnectionOnCheckout -> false, unreturnedConnectionTimeout -> 0, usesTraditionalReflectiveProxies -> false ]
2019-02-25 16:32:14,059 0      [ost-startStop-1] INFO  work.web.context.ContextLoader  - Root WebApplicationContext: initialization started
2019-02-25 16:32:14,089 30     [ost-startStop-1] INFO  pport.XmlWebApplicationContext  - Refreshing Root WebApplicationContext: startup date [Mon Feb 25 16:32:14 CST 2019]; root of context hierarchy
2019-02-25 16:32:14,113 54     [ost-startStop-1] INFO  ry.xml.XmlBeanDefinitionReader  - Loading XML bean definitions from URL [file:/Users/tianhaolin1991/IdeaProjects/ssm_super/ssm_web/target/classes/applicationContext-web.xml]
2019-02-25 16:32:14,166 107    [ost-startStop-1] INFO  ry.xml.XmlBeanDefinitionReader  - Loading XML bean definitions from URL [file:/Users/tianhaolin1991/IdeaProjects/ssm_super/ssm_service/target/classes/applicationContext-service.xml]
2019-02-25 16:32:14,184 125    [ost-startStop-1] INFO  ry.xml.XmlBeanDefinitionReader  - Loading XML bean definitions from URL [file:/Users/tianhaolin1991/IdeaProjects/ssm_super/ssm_dao/target/classes/applicationContext-dao.xml]
2019-02-25 16:32:14,195 136    [ost-startStop-1] INFO  ry.xml.XmlBeanDefinitionReader  - Loading XML bean definitions from class path resource [applicationContext-domain.xml]
2019-02-25 16:32:14,428 369    [ost-startStop-1] INFO  redAnnotationBeanPostProcessor  - JSR-330 'javax.inject.Inject' annotation found and supported for autowiring
2019-02-25 16:32:14,577 518    [ost-startStop-1] INFO         com.mchange.v2.log.MLog  - MLog clients using log4j logging.
2019-02-25 16:32:14,725 666    [ost-startStop-1] INFO  m.mchange.v2.c3p0.C3P0Registry  - Initializing c3p0-0.9.1.2 [built 21-May-2007 15:04:56; debug? true; trace: 10]
2019-02-25 16:32:15,033 974    [ost-startStop-1] INFO  work.web.context.ContextLoader  - Root WebApplicationContext: initialization completed in 973 ms
2019-02-25 16:32:15,071 1012   [ost-startStop-1] INFO  .web.servlet.DispatcherServlet  - FrameworkServlet 'dispatcherServlet': initialization started
2019-02-25 16:32:15,073 1014   [ost-startStop-1] INFO  pport.XmlWebApplicationContext  - Refreshing WebApplicationContext for namespace 'dispatcherServlet-servlet': startup date [Mon Feb 25 16:32:15 CST 2019]; parent: Root WebApplicationContext
2019-02-25 16:32:15,073 1014   [ost-startStop-1] INFO  ry.xml.XmlBeanDefinitionReader  - Loading XML bean definitions from URL [file:/Users/tianhaolin1991/IdeaProjects/ssm_super/ssm_web/target/classes/springmvc.xml]
2019-02-25 16:32:15,143 1084   [ost-startStop-1] INFO  redAnnotationBeanPostProcessor  - JSR-330 'javax.inject.Inject' annotation found and supported for autowiring
2019-02-25 16:32:15,259 1200   [ost-startStop-1] INFO  andler.SimpleUrlHandlerMapping  - Mapped URL path [/css/**] onto handler 'org.springframework.web.servlet.resource.ResourceHttpRequestHandler#0'
2019-02-25 16:32:15,272 1213   [ost-startStop-1] INFO  andler.SimpleUrlHandlerMapping  - Mapped URL path [/js/**] onto handler 'org.springframework.web.servlet.resource.ResourceHttpRequestHandler#1'
2019-02-25 16:32:15,275 1216   [ost-startStop-1] INFO  andler.SimpleUrlHandlerMapping  - Mapped URL path [/img/**] onto handler 'org.springframework.web.servlet.resource.ResourceHttpRequestHandler#2'
2019-02-25 16:32:15,279 1220   [ost-startStop-1] INFO  andler.SimpleUrlHandlerMapping  - Mapped URL path [/plugins/**] onto handler 'org.springframework.web.servlet.resource.ResourceHttpRequestHandler#3'
2019-02-25 16:32:15,307 1248   [ost-startStop-1] INFO  n.RequestMappingHandlerMapping  - Mapped "{[/order/findAll]}" onto public org.springframework.web.servlet.ModelAndView cn.itcast.controller.OrderController.findAll(java.lang.Integer,java.lang.Integer)
2019-02-25 16:32:15,308 1249   [ost-startStop-1] INFO  n.RequestMappingHandlerMapping  - Mapped "{[/product/add.do]}" onto public java.lang.String cn.itcast.controller.ProductController.add(cn.itcast.domain.Product)
2019-02-25 16:32:15,309 1250   [ost-startStop-1] INFO  n.RequestMappingHandlerMapping  - Mapped "{[/product/forwardAdd.do]}" onto public java.lang.String cn.itcast.controller.ProductController.forwardAdd()
2019-02-25 16:32:15,309 1250   [ost-startStop-1] INFO  n.RequestMappingHandlerMapping  - Mapped "{[/product/findAll.do]}" onto public org.springframework.web.servlet.ModelAndView cn.itcast.controller.ProductController.findAll(java.lang.Integer,java.lang.Integer)
2019-02-25 16:32:15,491 1432   [ost-startStop-1] INFO  n.RequestMappingHandlerAdapter  - Looking for @ControllerAdvice: WebApplicationContext for namespace 'dispatcherServlet-servlet': startup date [Mon Feb 25 16:32:15 CST 2019]; parent: Root WebApplicationContext
2019-02-25 16:32:15,530 1471   [ost-startStop-1] INFO  n.RequestMappingHandlerAdapter  - Looking for @ControllerAdvice: WebApplicationContext for namespace 'dispatcherServlet-servlet': startup date [Mon Feb 25 16:32:15 CST 2019]; parent: Root WebApplicationContext
2019-02-25 16:32:15,590 1531   [ost-startStop-1] INFO  .web.servlet.DispatcherServlet  - FrameworkServlet 'dispatcherServlet': initialization completed in 519 ms
2019-02-25 16:32:21,463 7404   [bio-8080-exec-4] INFO  l.AbstractPoolBackedDataSource  - Initializing c3p0 pool... com.mchange.v2.c3p0.ComboPooledDataSource [ acquireIncrement -> 3, acquireRetryAttempts -> 30, acquireRetryDelay -> 1000, autoCommitOnClose -> false, automaticTestTable -> null, breakAfterAcquireFailure -> false, checkoutTimeout -> 0, connectionCustomizerClassName -> null, connectionTesterClassName -> com.mchange.v2.c3p0.impl.DefaultConnectionTester, dataSourceName -> 1hge7epa19xfdz311rjp5i|5d0ffefa, debugUnreturnedConnectionStackTraces -> false, description -> null, driverClass -> oracle.jdbc.driver.OracleDriver, factoryClassLocation -> null, forceIgnoreUnresolvedTransactions -> false, identityToken -> 1hge7epa19xfdz311rjp5i|5d0ffefa, idleConnectionTestPeriod -> 0, initialPoolSize -> 3, jdbcUrl -> jdbc:oracle:thin:@192.168.12.222:1521:orcl, maxAdministrativeTaskTime -> 0, maxConnectionAge -> 0, maxIdleTime -> 0, maxIdleTimeExcessConnections -> 0, maxPoolSize -> 15, maxStatements -> 0, maxStatementsPerConnection -> 0, minPoolSize -> 3, numHelperThreads -> 3, numThreadsAwaitingCheckoutDefaultUser -> 0, preferredTestQuery -> null, properties -> {user=******, password=******}, propertyCycle -> 0, testConnectionOnCheckin -> false, testConnectionOnCheckout -> false, unreturnedConnectionTimeout -> 0, usesTraditionalReflectiveProxies -> false ]
